<?xml version="1.0" encoding="UTF-8"?>
<testsuite xmlns:xsi="http://www.w3.org/2001/XMLSchema-instance" xsi:noNamespaceSchemaLocation="https://maven.apache.org/surefire/maven-surefire-plugin/xsd/surefire-test-report-3.0.xsd" version="3.0" name="br.com.itilh.bdpedidos.sistemapedidos.SistemapedidosApplicationTests" time="15.041" tests="1" errors="0" skipped="0" failures="0">
  <properties>
[...]
</properties>
  <testcase name="contextLoads" classname="br.com.itilh.bdpedidos.sistemapedidos.SistemapedidosApplicationTests" time="1.202">
    <system-out><![CDATA[21:15:24.693 [main] INFO org.springframework.test.context.support.AnnotationConfigContextLoaderUtils -- Could not detect default configuration classes for test class [br.com.itilh.bdpedidos.sistemapedidos.SistemapedidosApplicationTests]: SistemapedidosApplicationTests does not declare any static, non-private, non-final, nested classes annotated with @Configuration.
21:15:24.900 [main] INFO org.springframework.boot.test.context.SpringBootTestContextBootstrapper -- Found @SpringBootConfiguration br.com.itilh.bdpedidos.sistemapedidos.SistemapedidosApplication for test class br.com.itilh.bdpedidos.sistemapedidos.SistemapedidosApplicationTests
21:15:25.240 [main] INFO org.springframework.boot.devtools.restart.RestartApplicationListener -- Restart disabled due to context in which it is running

  .   ____          _            __ _ _
 /\\ / ___'_ __ _ _(_)_ __  __ _ \ \ \ \
( ( )\___ | '_ | '_| | '_ \/ _` | \ \ \ \
 \\/  ___)| |_)| | | | | || (_| |  ) ) ) )
  '  |____| .__|_| |_|_| |_\__, | / / / /
 =========|_|==============|___/=/_/_/_/
 :: Spring Boot ::                (v3.2.5)

2024-12-18T21:15:25.981-03:00  INFO 3856 --- [sistemapedidos] [           main] b.c.i.b.s.SistemapedidosApplicationTests : Starting SistemapedidosApplicationTests using Java 21.0.3 with PID 3856 (started by willianxzy in c:\Users\willianxzy\Desktop\ProjectSAJ)
2024-12-18T21:15:25.983-03:00  INFO 3856 --- [sistemapedidos] [           main] b.c.i.b.s.SistemapedidosApplicationTests : No active profile set, falling back to 1 default profile: "default"
2024-12-18T21:15:27.833-03:00  INFO 3856 --- [sistemapedidos] [           main] .s.d.r.c.RepositoryConfigurationDelegate : Bootstrapping Spring Data JPA repositories in DEFAULT mode.
2024-12-18T21:15:27.991-03:00  INFO 3856 --- [sistemapedidos] [           main] .s.d.r.c.RepositoryConfigurationDelegate : Finished Spring Data repository scanning in 141 ms. Found 5 JPA repository interfaces.
2024-12-18T21:15:28.919-03:00  INFO 3856 --- [sistemapedidos] [           main] com.zaxxer.hikari.HikariDataSource       : HikariPool-1 - Starting...
2024-12-18T21:15:31.541-03:00  INFO 3856 --- [sistemapedidos] [           main] com.zaxxer.hikari.pool.HikariPool        : HikariPool-1 - Added connection org.postgresql.jdbc.PgConnection@6d69a0d3
2024-12-18T21:15:31.544-03:00  INFO 3856 --- [sistemapedidos] [           main] com.zaxxer.hikari.HikariDataSource       : HikariPool-1 - Start completed.
2024-12-18T21:15:31.629-03:00  INFO 3856 --- [sistemapedidos] [           main] o.hibernate.jpa.internal.util.LogHelper  : HHH000204: Processing PersistenceUnitInfo [name: default]
2024-12-18T21:15:31.805-03:00  INFO 3856 --- [sistemapedidos] [           main] org.hibernate.Version                    : HHH000412: Hibernate ORM core version 6.4.4.Final
2024-12-18T21:15:31.872-03:00  INFO 3856 --- [sistemapedidos] [           main] o.h.c.internal.RegionFactoryInitiator    : HHH000026: Second-level cache disabled
2024-12-18T21:15:32.403-03:00  INFO 3856 --- [sistemapedidos] [           main] o.s.o.j.p.SpringPersistenceUnitInfo      : No LoadTimeWeaver setup: ignoring JPA class transformer
2024-12-18T21:15:35.301-03:00  INFO 3856 --- [sistemapedidos] [           main] o.h.e.t.j.p.i.JtaPlatformInitiator       : HHH000489: No JTA platform available (set 'hibernate.transaction.jta.platform' to enable JTA platform integration)
2024-12-18T21:15:35.305-03:00  INFO 3856 --- [sistemapedidos] [           main] j.LocalContainerEntityManagerFactoryBean : Initialized JPA EntityManagerFactory for persistence unit 'default'
2024-12-18T21:15:35.752-03:00  INFO 3856 --- [sistemapedidos] [           main] o.s.d.j.r.query.QueryEnhancerFactory     : Hibernate is in classpath; If applicable, HQL parser will be used.
2024-12-18T21:15:37.070-03:00  WARN 3856 --- [sistemapedidos] [           main] JpaBaseConfiguration$JpaWebConfiguration : spring.jpa.open-in-view is enabled by default. Therefore, database queries may be performed during view rendering. Explicitly configure spring.jpa.open-in-view to disable this warning
2024-12-18T21:15:38.108-03:00  INFO 3856 --- [sistemapedidos] [           main] b.c.i.b.s.SistemapedidosApplicationTests : Started SistemapedidosApplicationTests in 12.904 seconds (process running for 14.97)
]]></system-out>
    <system-err><![CDATA[WARNING: A Java agent has been loaded dynamically (C:\Users\willianxzy\.m2\repository\net\bytebuddy\byte-buddy-agent\1.14.13\byte-buddy-agent-1.14.13.jar)
WARNING: If a serviceability tool is in use, please run with -XX:+EnableDynamicAgentLoading to hide this warning
WARNING: If a serviceability tool is not in use, please run with -Djdk.instrument.traceUsage for more information
WARNING: Dynamic loading of agents will be disallowed by default in a future release
]]></system-err>
  </testcase>
</testsuite>