<?xml version="1.0" encoding="UTF-8"?>
<testsuite xmlns:xsi="http://www.w3.org/2001/XMLSchema-instance" xsi:noNamespaceSchemaLocation="https://maven.apache.org/surefire/maven-surefire-plugin/xsd/surefire-test-report-3.0.xsd" version="3.0" name="br.com.itilh.bdpedidos.sistemapedidos.SistemapedidosApplicationTests" time="8.311" tests="1" errors="0" skipped="0" failures="0">
  <properties>
[...]
</properties>
  <testcase name="contextLoads" classname="br.com.itilh.bdpedidos.sistemapedidos.SistemapedidosApplicationTests" time="0.736">
    <system-out><![CDATA[13:50:58.519 [main] INFO org.springframework.test.context.support.AnnotationConfigContextLoaderUtils -- Could not detect default configuration classes for test class [br.com.itilh.bdpedidos.sistemapedidos.SistemapedidosApplicationTests]: SistemapedidosApplicationTests does not declare any static, non-private, non-final, nested classes annotated with @Configuration.
13:50:58.624 [main] INFO org.springframework.boot.test.context.SpringBootTestContextBootstrapper -- Found @SpringBootConfiguration br.com.itilh.bdpedidos.sistemapedidos.SistemapedidosApplication for test class br.com.itilh.bdpedidos.sistemapedidos.SistemapedidosApplicationTests
13:50:58.767 [main] INFO org.springframework.boot.devtools.restart.RestartApplicationListener -- Restart disabled due to context in which it is running

  .   ____          _            __ _ _
 /\\ / ___'_ __ _ _(_)_ __  __ _ \ \ \ \
( ( )\___ | '_ | '_| | '_ \/ _` | \ \ \ \
 \\/  ___)| |_)| | | | | || (_| |  ) ) ) )
  '  |____| .__|_| |_|_| |_\__, | / / / /
 =========|_|==============|___/=/_/_/_/
 :: Spring Boot ::                (v3.2.5)

2024-12-18T13:50:58.966-03:00  INFO 10136 --- [sistemapedidos] [           main] b.c.i.b.s.SistemapedidosApplicationTests : Starting SistemapedidosApplicationTests using Java 17.0.13 with PID 10136 (started by willian.littig in c:\Users\willian.littig\Desktop\ProjectSAJ)
2024-12-18T13:50:58.967-03:00  INFO 10136 --- [sistemapedidos] [           main] b.c.i.b.s.SistemapedidosApplicationTests : No active profile set, falling back to 1 default profile: "default"
2024-12-18T13:50:59.698-03:00  INFO 10136 --- [sistemapedidos] [           main] .s.d.r.c.RepositoryConfigurationDelegate : Bootstrapping Spring Data JPA repositories in DEFAULT mode.
2024-12-18T13:50:59.764-03:00  INFO 10136 --- [sistemapedidos] [           main] .s.d.r.c.RepositoryConfigurationDelegate : Finished Spring Data repository scanning in 60 ms. Found 5 JPA repository interfaces.
2024-12-18T13:51:00.080-03:00  INFO 10136 --- [sistemapedidos] [           main] com.zaxxer.hikari.HikariDataSource       : HikariPool-1 - Starting...
2024-12-18T13:51:02.567-03:00  INFO 10136 --- [sistemapedidos] [           main] com.zaxxer.hikari.pool.HikariPool        : HikariPool-1 - Added connection org.postgresql.jdbc.PgConnection@1dc67d0
2024-12-18T13:51:02.569-03:00  INFO 10136 --- [sistemapedidos] [           main] com.zaxxer.hikari.HikariDataSource       : HikariPool-1 - Start completed.
2024-12-18T13:51:02.616-03:00  INFO 10136 --- [sistemapedidos] [           main] o.hibernate.jpa.internal.util.LogHelper  : HHH000204: Processing PersistenceUnitInfo [name: default]
2024-12-18T13:51:02.699-03:00  INFO 10136 --- [sistemapedidos] [           main] org.hibernate.Version                    : HHH000412: Hibernate ORM core version 6.4.4.Final
2024-12-18T13:51:02.746-03:00  INFO 10136 --- [sistemapedidos] [           main] o.h.c.internal.RegionFactoryInitiator    : HHH000026: Second-level cache disabled
2024-12-18T13:51:03.007-03:00  INFO 10136 --- [sistemapedidos] [           main] o.s.o.j.p.SpringPersistenceUnitInfo      : No LoadTimeWeaver setup: ignoring JPA class transformer
2024-12-18T13:51:04.686-03:00  INFO 10136 --- [sistemapedidos] [           main] o.h.e.t.j.p.i.JtaPlatformInitiator       : HHH000489: No JTA platform available (set 'hibernate.transaction.jta.platform' to enable JTA platform integration)
2024-12-18T13:51:04.689-03:00  INFO 10136 --- [sistemapedidos] [           main] j.LocalContainerEntityManagerFactoryBean : Initialized JPA EntityManagerFactory for persistence unit 'default'
2024-12-18T13:51:05.002-03:00  INFO 10136 --- [sistemapedidos] [           main] o.s.d.j.r.query.QueryEnhancerFactory     : Hibernate is in classpath; If applicable, HQL parser will be used.
2024-12-18T13:51:05.480-03:00  WARN 10136 --- [sistemapedidos] [           main] JpaBaseConfiguration$JpaWebConfiguration : spring.jpa.open-in-view is enabled by default. Therefore, database queries may be performed during view rendering. Explicitly configure spring.jpa.open-in-view to disable this warning
2024-12-18T13:51:05.882-03:00  INFO 10136 --- [sistemapedidos] [           main] b.c.i.b.s.SistemapedidosApplicationTests : Started SistemapedidosApplicationTests in 7.125 seconds (process running for 8.035)
]]></system-out>
  </testcase>
</testsuite>